slurmstepd: info: Setting TMPDIR to /scratch/97247. Previous errors about TMPDIR can be discarded
qmio/hpc unloaded
        Preparing the environment for use of the sistema software stack.
        Please rebuild modules cache: module --ignore-cache avail
     
qmio/hpc loaded
libffi/3.4.2 loaded
gmp/6.1.2 loaded
glpk/4.65 loaded
python/3.9.9 loaded
qmio-run/0.1.3-python-3.9.9 loaded
qmio-tools/0.1.1-python-3.9.9 loaded
gcccore/12.3.0 loaded
binutils/2.40 loaded
gcc/12.3.0 loaded
rust/1.75.0 loaded
cmake/3.27.6 loaded

imkl/2023.2.0 loaded
ninja/1.9.0 loaded
meson/1.4.0-python-3.9.9 loaded
meson-python/0.16.0-python-3.9.9 loaded
cython/3.0.9-python-3.9.9 loaded
numpy/1.26.4-python-3.9.9 loaded
pythran/0.15.0-python-3.9.9 loaded
pybind11/2.12.0-python-3.9.9 loaded
xsimd/12.1.1 loaded
scipy/1.13.0-python-3.9.9 loaded
llvm/16.0.0 loaded
gmp/6.1.2 unloaded
gmp/6.3.0 loaded
mpfr/4.2.1 loaded
mpc/1.3.1 loaded
flint/3.1.2 loaded
symengine/0.11.2 loaded
symengine-python/0.11.0-python-3.9.9 loaded
spdlog/1.9.2 loaded
pylatexenc/2.10-python-3.9.9 loaded
libgd/2.3.3 loaded
nasm/2.16.03 loaded
libjpeg-turbo/3.0.2 loaded
matplotlib/3.5.3-python-3.9.9 loaded
pandas/2.2.2-python-3.9.9 loaded
seaborn/0.12.2-python-3.9.9 loaded
qiskit/1.0.2-python-3.9.9 loaded
libffi/3.4.2 unloaded
libffi/3.4.2 loaded
python/3.9.9 unloaded
sqlite/3.45.3 loaded
python/3.9.9 loaded
Importing calibrations from  /opt/cesga/qmio/hpc/calibrations/2025_01_29__12_00_02.json
len: 32

Peptide created with main chain: APRLR and side chains: ['', '', '', '', '']


axis=  None


axis=  1
bead  1  and bead  2  have energy  -2.03
bead  1  and bead  3  have energy  -1.83
bead  1  and bead  4  have energy  -4.91
bead  1  and bead  5  have energy  -1.83
bead  2  and bead  3  have energy  -1.7
bead  2  and bead  4  have energy  -4.2
bead  2  and bead  5  have energy  -1.7
bead  3  and bead  4  have energy  -4.03
bead  3  and bead  5  have energy  -1.55
bead  4  and bead  5  have energy  -4.03

Qubit operator built successfully.

Number of qubits used: 3

Número de qubits necesarios para la secuencia APRLR: 3

Qubits seleccionados: [29, 28, 25]
Métricas de calidad de los qubits seleccionados:
  Qubit 29:
    IRB=0.999, IRO=0.327, RE=10057.0
    Quality=1.334, Connectivity=3
    Combined Metric=1.778
  Qubit 28:
    IRB=0.982, IRO=0.376, RE=9847.3
    Quality=1.379, Connectivity=3
    Combined Metric=1.838
  Qubit 25:
    IRB=0.982, IRO=0.376, RE=9847.3
    Quality=1.379, Connectivity=3
    Combined Metric=1.838

Conectividad entre qubits seleccionados:
  29 <-> 28
  28 <-> 25

Preparando circuitos...
Grupo QWC creado: ZZZ
Número de grupos QWC: 1
/opt/cesga/qmio/hpc/software/Compiler/gcc/12.3.0/qiskit/1.0.2-python-3.9.9/lib/python3.9/site-packages/qiskit/visualization/circuit/matplotlib.py:267: UserWarning: Style JSON file 'iqx.json' not found in any of these locations: /opt/cesga/qmio/hpc/software/Compiler/gcc/12.3.0/qiskit/1.0.2-python-3.9.9/lib/python3.9/site-packages/qiskit/visualization/circuit/styles/iqx.json, iqx.json. Will use default style.
  self._style, def_font_ratio = load_style(self._style)

Verificando circuito transpilado:
Qubits físicos usados: [Qubit(QuantumRegister(32, 'q'), 0), Qubit(QuantumRegister(32, 'q'), 1), Qubit(QuantumRegister(32, 'q'), 2), Qubit(QuantumRegister(32, 'q'), 3), Qubit(QuantumRegister(32, 'q'), 4), Qubit(QuantumRegister(32, 'q'), 5), Qubit(QuantumRegister(32, 'q'), 6), Qubit(QuantumRegister(32, 'q'), 7), Qubit(QuantumRegister(32, 'q'), 8), Qubit(QuantumRegister(32, 'q'), 9), Qubit(QuantumRegister(32, 'q'), 10), Qubit(QuantumRegister(32, 'q'), 11), Qubit(QuantumRegister(32, 'q'), 12), Qubit(QuantumRegister(32, 'q'), 13), Qubit(QuantumRegister(32, 'q'), 14), Qubit(QuantumRegister(32, 'q'), 15), Qubit(QuantumRegister(32, 'q'), 16), Qubit(QuantumRegister(32, 'q'), 17), Qubit(QuantumRegister(32, 'q'), 18), Qubit(QuantumRegister(32, 'q'), 19), Qubit(QuantumRegister(32, 'q'), 20), Qubit(QuantumRegister(32, 'q'), 21), Qubit(QuantumRegister(32, 'q'), 22), Qubit(QuantumRegister(32, 'q'), 23), Qubit(QuantumRegister(32, 'q'), 24), Qubit(QuantumRegister(32, 'q'), 25), Qubit(QuantumRegister(32, 'q'), 26), Qubit(QuantumRegister(32, 'q'), 27), Qubit(QuantumRegister(32, 'q'), 28), Qubit(QuantumRegister(32, 'q'), 29), Qubit(QuantumRegister(32, 'q'), 30), Qubit(QuantumRegister(32, 'q'), 31)]
Profundidad: 35
Operaciones: 69

Circuito transpilado (ASCII):
global phase: π/4
                                                                         »
  ancilla_0 -> 0 ────────────────────────────────────────────────────────»
                                                                         »
  ancilla_1 -> 1 ────────────────────────────────────────────────────────»
                                                                         »
  ancilla_2 -> 2 ────────────────────────────────────────────────────────»
                                                                         »
  ancilla_3 -> 3 ────────────────────────────────────────────────────────»
                                                                         »
  ancilla_4 -> 4 ────────────────────────────────────────────────────────»
                                                                         »
  ancilla_5 -> 5 ────────────────────────────────────────────────────────»
                                                                         »
  ancilla_6 -> 6 ────────────────────────────────────────────────────────»
                                                                         »
  ancilla_7 -> 7 ────────────────────────────────────────────────────────»
                                                                         »
  ancilla_8 -> 8 ────────────────────────────────────────────────────────»
                                                                         »
  ancilla_9 -> 9 ────────────────────────────────────────────────────────»
                                                                         »
ancilla_10 -> 10 ────────────────────────────────────────────────────────»
                                                                         »
ancilla_11 -> 11 ────────────────────────────────────────────────────────»
                                                                         »
ancilla_12 -> 12 ────────────────────────────────────────────────────────»
                                                                         »
ancilla_13 -> 13 ────────────────────────────────────────────────────────»
                                                                         »
ancilla_14 -> 14 ────────────────────────────────────────────────────────»
                                                                         »
ancilla_15 -> 15 ────────────────────────────────────────────────────────»
                                                                         »
ancilla_16 -> 16 ────────────────────────────────────────────────────────»
                                                                         »
ancilla_17 -> 17 ────────────────────────────────────────────────────────»
                                                                         »
ancilla_18 -> 18 ────────────────────────────────────────────────────────»
                                                                         »
ancilla_19 -> 19 ────────────────────────────────────────────────────────»
                                                                         »
ancilla_20 -> 20 ────────────────────────────────────────────────────────»
                                                                         »
ancilla_21 -> 21 ────────────────────────────────────────────────────────»
                                                                         »
ancilla_22 -> 22 ────────────────────────────────────────────────────────»
                                                                         »
ancilla_23 -> 23 ────────────────────────────────────────────────────────»
                                                                         »
ancilla_24 -> 24 ────────────────────────────────────────────────────────»
                   ┌────┐  ┌──────────────┐   ┌────┐  ┌─────────┐┌──────┐»
       q_2 -> 25 ──┤ √X ├──┤ Rz(θ[2] + π) ├───┤ √X ├──┤ Rz(π/2) ├┤0     ├»
                 ┌─┴────┴─┐└────┬────┬────┘ ┌─┴────┴─┐└─────────┘│  Ecr │»
ancilla_25 -> 26 ┤ Rz(-π) ├─────┤ √X ├──────┤ Rz(-π) ├───────────┤1     ├»
                 ├────────┤     ├────┤      ├────────┤           └──────┘»
ancilla_26 -> 27 ┤ Rz(-π) ├─────┤ √X ├──────┤ Rz(-π) ├───────────────────»
                 └─┬────┬─┘┌────┴────┴────┐ └─┬────┬─┘┌─────────┐        »
       q_1 -> 28 ──┤ √X ├──┤ Rz(θ[1] + π) ├───┤ √X ├──┤ Rz(π/2) ├────────»
                   ├────┤  ├──────────────┤┌──┴────┴─┐└─────────┘        »
       q_0 -> 29 ──┤ √X ├──┤ Rz(θ[0] + π) ├┤ Rz(π/2) ├───────────────────»
                   └────┘  └──────────────┘└─────────┘                   »
ancilla_27 -> 30 ────────────────────────────────────────────────────────»
                                                                         »
ancilla_28 -> 31 ────────────────────────────────────────────────────────»
                                                                         »
         meas: 3/════════════════════════════════════════════════════════»
                                                                         »
«                                                                             »
«  ancilla_0 -> 0 ────────────────────────────────────────────────────────────»
«                                                                             »
«  ancilla_1 -> 1 ────────────────────────────────────────────────────────────»
«                                                                             »
«  ancilla_2 -> 2 ────────────────────────────────────────────────────────────»
«                                                                             »
«  ancilla_3 -> 3 ────────────────────────────────────────────────────────────»
«                                                                             »
«  ancilla_4 -> 4 ────────────────────────────────────────────────────────────»
«                                                                             »
«  ancilla_5 -> 5 ────────────────────────────────────────────────────────────»
«                                                                             »
«  ancilla_6 -> 6 ────────────────────────────────────────────────────────────»
«                                                                             »
«  ancilla_7 -> 7 ────────────────────────────────────────────────────────────»
«                                                                             »
«  ancilla_8 -> 8 ────────────────────────────────────────────────────────────»
«                                                                             »
«  ancilla_9 -> 9 ────────────────────────────────────────────────────────────»
«                                                                             »
«ancilla_10 -> 10 ────────────────────────────────────────────────────────────»
«                                                                             »
«ancilla_11 -> 11 ────────────────────────────────────────────────────────────»
«                                                                             »
«ancilla_12 -> 12 ────────────────────────────────────────────────────────────»
«                                                                             »
«ancilla_13 -> 13 ────────────────────────────────────────────────────────────»
«                                                                             »
«ancilla_14 -> 14 ────────────────────────────────────────────────────────────»
«                                                                             »
«ancilla_15 -> 15 ────────────────────────────────────────────────────────────»
«                                                                             »
«ancilla_16 -> 16 ────────────────────────────────────────────────────────────»
«                                                                             »
«ancilla_17 -> 17 ────────────────────────────────────────────────────────────»
«                                                                             »
«ancilla_18 -> 18 ────────────────────────────────────────────────────────────»
«                                                                             »
«ancilla_19 -> 19 ────────────────────────────────────────────────────────────»
«                                                                             »
«ancilla_20 -> 20 ────────────────────────────────────────────────────────────»
«                                                                             »
«ancilla_21 -> 21 ────────────────────────────────────────────────────────────»
«                                                                             »
«ancilla_22 -> 22 ────────────────────────────────────────────────────────────»
«                                                                             »
«ancilla_23 -> 23 ────────────────────────────────────────────────────────────»
«                                                                             »
«ancilla_24 -> 24 ────────────────────────────────────────────────────────────»
«                 ┌──────────┐   ┌────┐   ┌──────┐┌─────────┐┌────┐           »
«       q_2 -> 25 ┤ Rz(-π/2) ├───┤ √X ├───┤0     ├┤ Rz(π/2) ├┤ √X ├───────────»
«                 └──┬────┬──┘┌──┴────┴──┐│  Ecr │└┬────────┤├────┤┌─────────┐»
«ancilla_25 -> 26 ───┤ √X ├───┤ Rz(-π/2) ├┤1     ├─┤ Rz(-π) ├┤ √X ├┤ Rz(π/2) ├»
«                    └────┘   └──────────┘└──────┘ └────────┘└────┘└─────────┘»
«ancilla_26 -> 27 ────────────────────────────────────────────────────────────»
«                                                                             »
«       q_1 -> 28 ────────────────────────────────────────────────────────────»
«                                                                             »
«       q_0 -> 29 ────────────────────────────────────────────────────────────»
«                                                                             »
«ancilla_27 -> 30 ────────────────────────────────────────────────────────────»
«                                                                             »
«ancilla_28 -> 31 ────────────────────────────────────────────────────────────»
«                                                                             »
«         meas: 3/════════════════════════════════════════════════════════════»
«                                                                             »
«                                                                             »
«  ancilla_0 -> 0 ────────────────────────────────────────────────────────────»
«                                                                             »
«  ancilla_1 -> 1 ────────────────────────────────────────────────────────────»
«                                                                             »
«  ancilla_2 -> 2 ────────────────────────────────────────────────────────────»
«                                                                             »
«  ancilla_3 -> 3 ────────────────────────────────────────────────────────────»
«                                                                             »
«  ancilla_4 -> 4 ────────────────────────────────────────────────────────────»
«                                                                             »
«  ancilla_5 -> 5 ────────────────────────────────────────────────────────────»
«                                                                             »
«  ancilla_6 -> 6 ────────────────────────────────────────────────────────────»
«                                                                             »
«  ancilla_7 -> 7 ────────────────────────────────────────────────────────────»
«                                                                             »
«  ancilla_8 -> 8 ────────────────────────────────────────────────────────────»
«                                                                             »
«  ancilla_9 -> 9 ────────────────────────────────────────────────────────────»
«                                                                             »
«ancilla_10 -> 10 ────────────────────────────────────────────────────────────»
«                                                                             »
«ancilla_11 -> 11 ────────────────────────────────────────────────────────────»
«                                                                             »
«ancilla_12 -> 12 ────────────────────────────────────────────────────────────»
«                                                                             »
«ancilla_13 -> 13 ────────────────────────────────────────────────────────────»
«                                                                             »
«ancilla_14 -> 14 ────────────────────────────────────────────────────────────»
«                                                                             »
«ancilla_15 -> 15 ────────────────────────────────────────────────────────────»
«                                                                             »
«ancilla_16 -> 16 ────────────────────────────────────────────────────────────»
«                                                                             »
«ancilla_17 -> 17 ────────────────────────────────────────────────────────────»
«                                                                             »
«ancilla_18 -> 18 ────────────────────────────────────────────────────────────»
«                                                                             »
«ancilla_19 -> 19 ────────────────────────────────────────────────────────────»
«                                                                             »
«ancilla_20 -> 20 ────────────────────────────────────────────────────────────»
«                                                                             »
«ancilla_21 -> 21 ────────────────────────────────────────────────────────────»
«                                                                             »
«ancilla_22 -> 22 ────────────────────────────────────────────────────────────»
«                                                                             »
«ancilla_23 -> 23 ────────────────────────────────────────────────────────────»
«                                                                             »
«ancilla_24 -> 24 ────────────────────────────────────────────────────────────»
«                 ┌──────┐   ┌───┐                                            »
«       q_2 -> 25 ┤0     ├───┤ X ├────────────────────────────────────────────»
«                 │  Ecr │┌──┴───┴───┐┌──────┐┌──────────┐   ┌────┐   ┌──────┐»
«ancilla_25 -> 26 ┤1     ├┤ Rz(-π/2) ├┤0     ├┤ Rz(-π/2) ├───┤ √X ├───┤0     ├»
«                 └──────┘└──────────┘│  Ecr │└──┬────┬──┘┌──┴────┴──┐│  Ecr │»
«ancilla_26 -> 27 ────────────────────┤1     ├───┤ √X ├───┤ Rz(-π/2) ├┤1     ├»
«                                     └──────┘   └────┘   └──────────┘└──────┘»
«       q_1 -> 28 ────────────────────────────────────────────────────────────»
«                                                                             »
«       q_0 -> 29 ────────────────────────────────────────────────────────────»
«                                                                             »
«ancilla_27 -> 30 ────────────────────────────────────────────────────────────»
«                                                                             »
«ancilla_28 -> 31 ────────────────────────────────────────────────────────────»
«                                                                             »
«         meas: 3/════════════════════════════════════════════════════════════»
«                                                                             »
«                                                                     »
«  ancilla_0 -> 0 ────────────────────────────────────────────────────»
«                                                                     »
«  ancilla_1 -> 1 ────────────────────────────────────────────────────»
«                                                                     »
«  ancilla_2 -> 2 ────────────────────────────────────────────────────»
«                                                                     »
«  ancilla_3 -> 3 ────────────────────────────────────────────────────»
«                                                                     »
«  ancilla_4 -> 4 ────────────────────────────────────────────────────»
«                                                                     »
«  ancilla_5 -> 5 ────────────────────────────────────────────────────»
«                                                                     »
«  ancilla_6 -> 6 ────────────────────────────────────────────────────»
«                                                                     »
«  ancilla_7 -> 7 ────────────────────────────────────────────────────»
«                                                                     »
«  ancilla_8 -> 8 ────────────────────────────────────────────────────»
«                                                                     »
«  ancilla_9 -> 9 ────────────────────────────────────────────────────»
«                                                                     »
«ancilla_10 -> 10 ────────────────────────────────────────────────────»
«                                                                     »
«ancilla_11 -> 11 ────────────────────────────────────────────────────»
«                                                                     »
«ancilla_12 -> 12 ────────────────────────────────────────────────────»
«                                                                     »
«ancilla_13 -> 13 ────────────────────────────────────────────────────»
«                                                                     »
«ancilla_14 -> 14 ────────────────────────────────────────────────────»
«                                                                     »
«ancilla_15 -> 15 ────────────────────────────────────────────────────»
«                                                                     »
«ancilla_16 -> 16 ────────────────────────────────────────────────────»
«                                                                     »
«ancilla_17 -> 17 ────────────────────────────────────────────────────»
«                                                                     »
«ancilla_18 -> 18 ────────────────────────────────────────────────────»
«                                                                     »
«ancilla_19 -> 19 ────────────────────────────────────────────────────»
«                                                                     »
«ancilla_20 -> 20 ────────────────────────────────────────────────────»
«                                                                     »
«ancilla_21 -> 21 ────────────────────────────────────────────────────»
«                                                                     »
«ancilla_22 -> 22 ────────────────────────────────────────────────────»
«                                                                     »
«ancilla_23 -> 23 ────────────────────────────────────────────────────»
«                                                                     »
«ancilla_24 -> 24 ────────────────────────────────────────────────────»
«                                                                     »
«       q_2 -> 25 ────────────────────────────────────────────────────»
«                 ┌─────────┐┌────┐           ┌──────┐  ┌───┐         »
«ancilla_25 -> 26 ┤ Rz(π/2) ├┤ √X ├───────────┤0     ├──┤ X ├─────────»
«                 └┬────────┤├────┤┌─────────┐│  Ecr │┌─┴───┴──┐┌────┐»
«ancilla_26 -> 27 ─┤ Rz(-π) ├┤ √X ├┤ Rz(π/2) ├┤1     ├┤ Rz(-π) ├┤ √X ├»
«                  └────────┘└────┘└─────────┘└──────┘└────────┘└────┘»
«       q_1 -> 28 ────────────────────────────────────────────────────»
«                                                                     »
«       q_0 -> 29 ────────────────────────────────────────────────────»
«                                                                     »
«ancilla_27 -> 30 ────────────────────────────────────────────────────»
«                                                                     »
«ancilla_28 -> 31 ────────────────────────────────────────────────────»
«                                                                     »
«         meas: 3/════════════════════════════════════════════════════»
«                                                                     »
«                                                                       »
«  ancilla_0 -> 0 ──────────────────────────────────────────────────────»
«                                                                       »
«  ancilla_1 -> 1 ──────────────────────────────────────────────────────»
«                                                                       »
«  ancilla_2 -> 2 ──────────────────────────────────────────────────────»
«                                                                       »
«  ancilla_3 -> 3 ──────────────────────────────────────────────────────»
«                                                                       »
«  ancilla_4 -> 4 ──────────────────────────────────────────────────────»
«                                                                       »
«  ancilla_5 -> 5 ──────────────────────────────────────────────────────»
«                                                                       »
«  ancilla_6 -> 6 ──────────────────────────────────────────────────────»
«                                                                       »
«  ancilla_7 -> 7 ──────────────────────────────────────────────────────»
«                                                                       »
«  ancilla_8 -> 8 ──────────────────────────────────────────────────────»
«                                                                       »
«  ancilla_9 -> 9 ──────────────────────────────────────────────────────»
«                                                                       »
«ancilla_10 -> 10 ──────────────────────────────────────────────────────»
«                                                                       »
«ancilla_11 -> 11 ──────────────────────────────────────────────────────»
«                                                                       »
«ancilla_12 -> 12 ──────────────────────────────────────────────────────»
«                                                                       »
«ancilla_13 -> 13 ──────────────────────────────────────────────────────»
«                                                                       »
«ancilla_14 -> 14 ──────────────────────────────────────────────────────»
«                                                                       »
«ancilla_15 -> 15 ──────────────────────────────────────────────────────»
«                                                                       »
«ancilla_16 -> 16 ──────────────────────────────────────────────────────»
«                                                                       »
«ancilla_17 -> 17 ──────────────────────────────────────────────────────»
«                                                                       »
«ancilla_18 -> 18 ──────────────────────────────────────────────────────»
«                                                                       »
«ancilla_19 -> 19 ──────────────────────────────────────────────────────»
«                                                                       »
«ancilla_20 -> 20 ──────────────────────────────────────────────────────»
«                                                                       »
«ancilla_21 -> 21 ──────────────────────────────────────────────────────»
«                                                                       »
«ancilla_22 -> 22 ──────────────────────────────────────────────────────»
«                                                                       »
«ancilla_23 -> 23 ──────────────────────────────────────────────────────»
«                                                                       »
«ancilla_24 -> 24 ──────────────────────────────────────────────────────»
«                                                                       »
«       q_2 -> 25 ──────────────────────────────────────────────────────»
«                                                                       »
«ancilla_25 -> 26 ──────────────────────────────────────────────────────»
«                 ┌────────┐┌──────┐   ┌────┐   ┌──────────────┐ ┌────┐ »
«ancilla_26 -> 27 ┤ Rz(-π) ├┤1     ├───┤ √X ├───┤ Rz(θ[5] + π) ├─┤ √X ├─»
«                 └────────┘│  Ecr │┌──┴────┴──┐└────┬────┬────┘┌┴────┴┐»
«       q_1 -> 28 ──────────┤0     ├┤ Rz(-π/2) ├─────┤ √X ├─────┤0     ├»
«                           └──────┘└──────────┘     └────┘     │  Ecr │»
«       q_0 -> 29 ──────────────────────────────────────────────┤1     ├»
«                                                               └──────┘»
«ancilla_27 -> 30 ──────────────────────────────────────────────────────»
«                                                                       »
«ancilla_28 -> 31 ──────────────────────────────────────────────────────»
«                                                                       »
«         meas: 3/══════════════════════════════════════════════════════»
«                                                                       »
«                                                                      »
«  ancilla_0 -> 0 ─────────────────────────────────────────────────────»
«                                                                      »
«  ancilla_1 -> 1 ─────────────────────────────────────────────────────»
«                                                                      »
«  ancilla_2 -> 2 ─────────────────────────────────────────────────────»
«                                                                      »
«  ancilla_3 -> 3 ─────────────────────────────────────────────────────»
«                                                                      »
«  ancilla_4 -> 4 ─────────────────────────────────────────────────────»
«                                                                      »
«  ancilla_5 -> 5 ─────────────────────────────────────────────────────»
«                                                                      »
«  ancilla_6 -> 6 ─────────────────────────────────────────────────────»
«                                                                      »
«  ancilla_7 -> 7 ─────────────────────────────────────────────────────»
«                                                                      »
«  ancilla_8 -> 8 ─────────────────────────────────────────────────────»
«                                                                      »
«  ancilla_9 -> 9 ─────────────────────────────────────────────────────»
«                                                                      »
«ancilla_10 -> 10 ─────────────────────────────────────────────────────»
«                                                                      »
«ancilla_11 -> 11 ─────────────────────────────────────────────────────»
«                                                                      »
«ancilla_12 -> 12 ─────────────────────────────────────────────────────»
«                                                                      »
«ancilla_13 -> 13 ─────────────────────────────────────────────────────»
«                                                                      »
«ancilla_14 -> 14 ─────────────────────────────────────────────────────»
«                                                                      »
«ancilla_15 -> 15 ─────────────────────────────────────────────────────»
«                                                                      »
«ancilla_16 -> 16 ─────────────────────────────────────────────────────»
«                                                                      »
«ancilla_17 -> 17 ─────────────────────────────────────────────────────»
«                                                                      »
«ancilla_18 -> 18 ─────────────────────────────────────────────────────»
«                                                                      »
«ancilla_19 -> 19 ─────────────────────────────────────────────────────»
«                                                                      »
«ancilla_20 -> 20 ─────────────────────────────────────────────────────»
«                                                                      »
«ancilla_21 -> 21 ─────────────────────────────────────────────────────»
«                                                                      »
«ancilla_22 -> 22 ─────────────────────────────────────────────────────»
«                                                                      »
«ancilla_23 -> 23 ─────────────────────────────────────────────────────»
«                                                                      »
«ancilla_24 -> 24 ─────────────────────────────────────────────────────»
«                                                                      »
«       q_2 -> 25 ─────────────────────────────────────────────────────»
«                                                                      »
«ancilla_25 -> 26 ─────────────────────────────────────────────────────»
«                 ┌────────┐                                           »
«ancilla_26 -> 27 ┤ Rz(3π) ├───────────────────────────────────────────»
«                 ├────────┤   ┌────┐    ┌─────────┐   ┌──────────────┐»
«       q_1 -> 28 ┤ Rz(-π) ├───┤ √X ├────┤ Rz(π/2) ├───┤ Rz(θ[4] + π) ├»
«                 └─┬────┬─┘┌──┴────┴─┐┌─┴─────────┴──┐└────┬────┬────┘»
«       q_0 -> 29 ──┤ √X ├──┤ Rz(π/2) ├┤ Rz(θ[3] + π) ├─────┤ √X ├─────»
«                   └────┘  └─────────┘└──────────────┘     └────┘     »
«ancilla_27 -> 30 ─────────────────────────────────────────────────────»
«                                                                      »
«ancilla_28 -> 31 ─────────────────────────────────────────────────────»
«                                                                      »
«         meas: 3/═════════════════════════════════════════════════════»
«                                                                      »
«                                                 
«  ancilla_0 -> 0 ────────────────────────────────
«                                                 
«  ancilla_1 -> 1 ────────────────────────────────
«                                                 
«  ancilla_2 -> 2 ────────────────────────────────
«                                                 
«  ancilla_3 -> 3 ────────────────────────────────
«                                                 
«  ancilla_4 -> 4 ────────────────────────────────
«                                                 
«  ancilla_5 -> 5 ────────────────────────────────
«                                                 
«  ancilla_6 -> 6 ────────────────────────────────
«                                                 
«  ancilla_7 -> 7 ────────────────────────────────
«                                                 
«  ancilla_8 -> 8 ────────────────────────────────
«                                                 
«  ancilla_9 -> 9 ────────────────────────────────
«                                                 
«ancilla_10 -> 10 ────────────────────────────────
«                                                 
«ancilla_11 -> 11 ────────────────────────────────
«                                                 
«ancilla_12 -> 12 ────────────────────────────────
«                                                 
«ancilla_13 -> 13 ────────────────────────────────
«                                                 
«ancilla_14 -> 14 ────────────────────────────────
«                                                 
«ancilla_15 -> 15 ────────────────────────────────
«                                                 
«ancilla_16 -> 16 ────────────────────────────────
«                                                 
«ancilla_17 -> 17 ────────────────────────────────
«                                                 
«ancilla_18 -> 18 ────────────────────────────────
«                                                 
«ancilla_19 -> 19 ────────────────────────────────
«                                                 
«ancilla_20 -> 20 ────────────────────────────────
«                                                 
«ancilla_21 -> 21 ────────────────────────────────
«                                                 
«ancilla_22 -> 22 ────────────────────────────────
«                                                 
«ancilla_23 -> 23 ────────────────────────────────
«                                                 
«ancilla_24 -> 24 ────────────────────────────────
«                                                 
«       q_2 -> 25 ────────────────────────────────
«                                                 
«ancilla_25 -> 26 ────────────────────────────────
«                                      ░       ┌─┐
«ancilla_26 -> 27 ─────────────────────░───────┤M├
«                   ┌────┐  ┌────────┐ ░    ┌─┐└╥┘
«       q_1 -> 28 ──┤ √X ├──┤ Rz(3π) ├─░────┤M├─╫─
«                 ┌─┴────┴─┐└────────┘ ░ ┌─┐└╥┘ ║ 
«       q_0 -> 29 ┤ Rz(3π) ├───────────░─┤M├─╫──╫─
«                 └────────┘           ░ └╥┘ ║  ║ 
«ancilla_27 -> 30 ────────────────────────╫──╫──╫─
«                                         ║  ║  ║ 
«ancilla_28 -> 31 ────────────────────────╫──╫──╫─
«                                         ║  ║  ║ 
«         meas: 3/════════════════════════╩══╩══╩═
«                                         0  1  2 

Imagen del circuito (formato compacto) guardada como 'circuito_transpilado_compacto.png'

Imagen del circuito (vista completa) guardada como 'circuito_transpilado_completo.png'

Desglose de operaciones:
Operación: sx, Qubits: [25]
Operación: rz, Qubits: [25]
Operación: sx, Qubits: [25]
Operación: rz, Qubits: [25]
Operación: rz, Qubits: [26]
Operación: sx, Qubits: [26]
Operación: rz, Qubits: [26]
Operación: ecr, Qubits: [25, 26]
Operación: rz, Qubits: [25]
Operación: sx, Qubits: [25]
Operación: sx, Qubits: [26]
Operación: rz, Qubits: [26]
Operación: ecr, Qubits: [25, 26]
Operación: rz, Qubits: [25]
Operación: sx, Qubits: [25]
Operación: rz, Qubits: [26]
Operación: sx, Qubits: [26]
Operación: rz, Qubits: [26]
Operación: ecr, Qubits: [25, 26]
Operación: x, Qubits: [25]
Operación: rz, Qubits: [26]
Operación: rz, Qubits: [27]
Operación: sx, Qubits: [27]
Operación: rz, Qubits: [27]
Operación: ecr, Qubits: [26, 27]
Operación: rz, Qubits: [26]
Operación: sx, Qubits: [26]
Operación: sx, Qubits: [27]
Operación: rz, Qubits: [27]
Operación: ecr, Qubits: [26, 27]
Operación: rz, Qubits: [26]
Operación: sx, Qubits: [26]
Operación: rz, Qubits: [27]
Operación: sx, Qubits: [27]
Operación: rz, Qubits: [27]
Operación: ecr, Qubits: [26, 27]
Operación: x, Qubits: [26]
Operación: rz, Qubits: [27]
Operación: sx, Qubits: [27]
Operación: rz, Qubits: [27]
Operación: sx, Qubits: [28]
Operación: rz, Qubits: [28]
Operación: sx, Qubits: [28]
Operación: rz, Qubits: [28]
Operación: ecr, Qubits: [28, 27]
Operación: sx, Qubits: [27]
Operación: rz, Qubits: [27]
Operación: sx, Qubits: [27]
Operación: rz, Qubits: [27]
Operación: rz, Qubits: [28]
Operación: sx, Qubits: [28]
Operación: sx, Qubits: [29]
Operación: rz, Qubits: [29]
Operación: rz, Qubits: [29]
Operación: ecr, Qubits: [28, 29]
Operación: rz, Qubits: [28]
Operación: sx, Qubits: [28]
Operación: rz, Qubits: [28]
Operación: rz, Qubits: [28]
Operación: sx, Qubits: [28]
Operación: rz, Qubits: [28]
Operación: sx, Qubits: [29]
Operación: rz, Qubits: [29]
Operación: rz, Qubits: [29]
Operación: sx, Qubits: [29]
Operación: rz, Qubits: [29]
Operación: barrier, Qubits: [29, 28, 27]
Operación: measure, Qubits: [29]
Operación: measure, Qubits: [28]
Operación: measure, Qubits: [27]
Iteración 1: Energía = 18.149428
Iteración 2: Energía = 18.432795
Iteración 3: Energía = 18.045632
Iteración 4: Energía = 18.233321
Iteración 5: Energía = 18.199967
Iteración 6: Energía = 18.114734
Iteración 7: Energía = 18.780455
Iteración 8: Energía = 17.610389
Iteración 9: Energía = 17.470568
Iteración 10: Energía = 17.795343
Iteración 11: Energía = 17.795343
Calulating plane equation ...

Circuit saved successfully in circuit_diagram_20250129_181510.png
Calulating plane equation ...


Raw results from VQE:


Number of cost function evaluations:  10

Lowest energy found for the protein conformation:  17.470568190933935

Best parameters found for the angles of the quantum circuit:  [ 1.40005841  1.26609265  2.41805689  0.86660174 -0.74874633 -1.09059037]

Best measurement:  {'state': 7, 'bitstring': '111', 'value': 17.470568190933935, 'probability': 0.212125}



The bit string representing the protein shape during optimization is:  111

Extended bit string: 1_11________________________________________________________________________

Main sequence of turns of the folded protein: [1, 0, 3, 3]

Sequence of turns of the side chains: [None, None, None, None, None]

XYZ corresponding to the folded protein:
[['A' '0.0' '0.0' '0.0']
 ['P' '0.5773502691896258' '0.5773502691896258' '-0.5773502691896258']
 ['R' '1.1547005383792517' '0.0' '-1.1547005383792517']
 ['L' '1.7320508075688776' '-0.5773502691896258' '-0.5773502691896258']
 ['R' '1.154700538379252' '0.0' '-1.1547005383792517']]
PLANE EQUATION:  [0.5773502691896258, 0.5773502691896258, -0.5773502691896258, 10.500000000000004]
A 0.5773502691896258
Representación guardada en 'representacion.json'.

Plot with the protein structure saved as 'structure.png'
Calulating plane equation ...

Check if the JSON file was created in the current directory.

Gráfica de convergencia guardada como 'protein_folding_results_20250129_181511_convergence.png'
/opt/cesga/qmio/hpc/software/Compiler/gcccore/12.3.0/seaborn/0.12.2-python-3.9.9/lib/python3.9/site-packages/seaborn/_oldcore.py:1765: FutureWarning: unique with argument that is not not a Series, Index, ExtensionArray, or np.ndarray is deprecated and will raise in a future version.
  order = pd.unique(vector)
Gráfica de probabilidades guardada como 'protein_folding_results_20250129_181511_probabilities.png'

Results saved to protein_folding_results_20250129_181511.json

Análisis de Error del Circuito:
--------------------------------

Error saving JSON file: 3

Total execution time: 57.90 seconds

   Return from subroutine COBYLA because the MAXFUN limit has been reached.

   NFVALS =   10   F = 1.747057E+01    MAXCV = 0.000000E+00
   X = 1.400058E+00   1.266093E+00   2.418057E+00   8.666017E-01  -7.487463E-01
      -1.090590E+00
